{
  "stats": {
    "suites": 2,
    "tests": 2,
    "passes": 2,
    "pending": 0,
    "failures": 0,
    "start": "2022-11-15T08:27:25.198Z",
    "end": "2022-11-15T08:27:25.206Z",
    "duration": 8,
    "testsRegistered": 2,
    "passPercent": 100,
    "pendingPercent": 0,
    "other": 0,
    "hasOther": false,
    "skipped": 0,
    "hasSkipped": false
  },
  "results": [
    {
      "uuid": "2d7d11e2-450c-48b7-91af-8a618263b185",
      "title": "",
      "fullFile": "",
      "file": "",
      "beforeHooks": [],
      "afterHooks": [],
      "tests": [],
      "suites": [
        {
          "uuid": "aef75b47-5576-4478-8b74-b13145b1aae0",
          "title": "Add",
          "fullFile": "C:\\Users\\essih\\Desktop\\SoftwareTestingProject\\test\\add.test.js",
          "file": "\\test\\add.test.js",
          "beforeHooks": [],
          "afterHooks": [],
          "tests": [
            {
              "title": "adds positive number to positive number",
              "fullTitle": "Add adds positive number to positive number",
              "timedOut": false,
              "duration": 1,
              "state": "passed",
              "speed": "fast",
              "pass": true,
              "fail": false,
              "pending": false,
              "context": null,
              "code": "expect(add(3, 6)).to.equal(9);",
              "err": {},
              "uuid": "0d9ab3b5-056e-48bc-aaad-6dfc08c3d3a1",
              "parentUUID": "aef75b47-5576-4478-8b74-b13145b1aae0",
              "isHook": false,
              "skipped": false
            }
          ],
          "suites": [],
          "passes": [
            "0d9ab3b5-056e-48bc-aaad-6dfc08c3d3a1"
          ],
          "failures": [],
          "pending": [],
          "skipped": [],
          "duration": 1,
          "root": false,
          "rootEmpty": false,
          "_timeout": 2000
        },
        {
          "uuid": "6d441b8f-b18d-47c6-a918-a5341c4a2650",
          "title": "Ceil",
          "fullFile": "C:\\Users\\essih\\Desktop\\SoftwareTestingProject\\test\\ceil.test.js",
          "file": "\\test\\ceil.test.js",
          "beforeHooks": [],
          "afterHooks": [],
          "tests": [
            {
              "title": "Rounds a number to precision 1",
              "fullTitle": "Ceil Rounds a number to precision 1",
              "timedOut": false,
              "duration": 0,
              "state": "passed",
              "speed": "fast",
              "pass": true,
              "fail": false,
              "pending": false,
              "context": null,
              "code": "expect(ceil(3.0234, 1)).to.equal(3.1);",
              "err": {},
              "uuid": "35a8d957-4d55-4073-9297-e320ee0dde48",
              "parentUUID": "6d441b8f-b18d-47c6-a918-a5341c4a2650",
              "isHook": false,
              "skipped": false
            }
          ],
          "suites": [],
          "passes": [
            "35a8d957-4d55-4073-9297-e320ee0dde48"
          ],
          "failures": [],
          "pending": [],
          "skipped": [],
          "duration": 0,
          "root": false,
          "rootEmpty": false,
          "_timeout": 2000
        }
      ],
      "passes": [],
      "failures": [],
      "pending": [],
      "skipped": [],
      "duration": 0,
      "root": true,
      "rootEmpty": true,
      "_timeout": 2000
    }
  ],
  "meta": {
    "mocha": {
      "version": "10.1.0"
    },
    "mochawesome": {
      "options": {
        "quiet": false,
        "reportFilename": "mochawesome",
        "saveHtml": true,
        "saveJson": true,
        "consoleReporter": "spec",
        "useInlineDiffs": false,
        "code": true
      },
      "version": "7.1.3"
    },
    "marge": {
      "options": null,
      "version": "6.2.0"
    }
  }
}